<?xml version="1.0" encoding="UTF-8"?>
<robot generator="Robot 3.2.2 (Python 3.8.3 on win32)" generated="20201221 19:08:04.631" rpa="false">
<suite id="s1" name="Title" source="C:\Projetos QA\TesteTrelloBefore\Testes\title.robot">
<test id="s1-t1" name="Deve validar o titulo">
<kw name="Nova sessão" library="base" type="setup">
<kw name="Open Browser" library="SeleniumLibrary">
<doc>Opens a new browser instance to the optional ``url``.</doc>
<arguments>
<arg>${URL}</arg>
<arg>chrome</arg>
</arguments>
<msg timestamp="20201221 19:08:05.807" level="INFO">Opening browser 'chrome' to base url 'https://trello.com/'.</msg>
<status status="PASS" starttime="20201221 19:08:05.807" endtime="20201221 19:08:26.942"></status>
</kw>
<status status="PASS" starttime="20201221 19:08:05.805" endtime="20201221 19:08:26.942"></status>
</kw>
<kw name="Title Should Be" library="SeleniumLibrary">
<doc>Verifies that the current page title equals ``title``.</doc>
<arguments>
<arg>Trello</arg>
</arguments>
<msg timestamp="20201221 19:08:26.990" level="INFO">Page title is 'Trello'.</msg>
<status status="PASS" starttime="20201221 19:08:26.958" endtime="20201221 19:08:26.990"></status>
</kw>
<kw name="Encerra sessão" library="base" type="teardown">
<kw name="Capture Page Screenshot" library="SeleniumLibrary">
<doc>Takes a screenshot of the current page and embeds it into a log file.</doc>
<msg timestamp="20201221 19:08:27.818" level="INFO" html="yes">&lt;/td&gt;&lt;/tr&gt;&lt;tr&gt;&lt;td colspan="3"&gt;&lt;a href="selenium-screenshot-2.png"&gt;&lt;img src="selenium-screenshot-2.png" width="800px"&gt;&lt;/a&gt;</msg>
<status status="PASS" starttime="20201221 19:08:26.996" endtime="20201221 19:08:27.818"></status>
</kw>
<kw name="Close Browser" library="SeleniumLibrary">
<doc>Closes the current browser.</doc>
<status status="PASS" starttime="20201221 19:08:27.818" endtime="20201221 19:08:32.519"></status>
</kw>
<status status="PASS" starttime="20201221 19:08:26.993" endtime="20201221 19:08:32.519"></status>
</kw>
<status status="PASS" starttime="20201221 19:08:05.799" endtime="20201221 19:08:32.520" critical="yes"></status>
</test>
<status status="PASS" starttime="20201221 19:08:04.636" endtime="20201221 19:08:32.522"></status>
</suite>
<statistics>
<total>
<stat pass="1" fail="0">Critical Tests</stat>
<stat pass="1" fail="0">All Tests</stat>
</total>
<tag>
</tag>
<suite>
<stat pass="1" fail="0" id="s1" name="Title">Title</stat>
</suite>
</statistics>
<errors>
</errors>
</robot>
